<?xml version="1.0" encoding="UTF-8"?>
<!-- Generated by org.testng.reporters.JUnitXMLReporter -->
<testsuite hostname="NDI-LAP-563" name="Default test" tests="5" failures="0" timestamp="29 Sep 2020 09:13:51 GMT" time="43.933" errors="0">
  <testcase name="whenNoHotel" time="2.245" classname="TestCases.FunctionalTest"/>
  <testcase name="DifferentHotelPrice" time="3.199" classname="TestCases.FunctionalTest"/>
  <testcase name="AdditionalChargeInclude" time="12.518" classname="TestCases.FunctionalTest"/>
  <testcase name="onlyAdditionalCharges" time="5.057" classname="TestCases.FunctionalTest"/>
  <testcase name="removeHotelSelection" time="7.083" classname="TestCases.FunctionalTest"/>
</testsuite> <!-- Default test -->
